<?xml version="1.0" encoding="UTF-8"?>
<!-- Generated by org.testng.reporters.JUnitReportReporter -->
<testsuite hostname="PMLDVBALAJID" failures="0" tests="1" name="com.qa.tests.PostAPITest" time="0.785" errors="0" timestamp="22 Mar 2024 04:13:19 GMT">
  <testcase classname="com.qa.tests.PostAPITest" name="postAPITest" time="0.785"/>
</testsuite> <!-- com.qa.tests.PostAPITest -->
