<?xml version="1.0" encoding="UTF-8"?>
<!-- Generated by org.testng.reporters.JUnitReportReporter -->
<testsuite hostname="PMLDVBALAJID" failures="0" tests="2" name="com.qa.tests.GetAPITest1" time="0.275" errors="0" timestamp="20 Mar 2024 15:36:02 GMT">
  <testcase classname="com.qa.tests.GetAPITest1" name="getAPITest" time="0.217"/>
  <testcase classname="com.qa.tests.GetAPITest1" name="getAPITestWithHeaders" time="0.058"/>
</testsuite> <!-- com.qa.tests.GetAPITest1 -->
