<?xml version="1.0" encoding="UTF-8"?>
<!-- Generated by org.testng.reporters.JUnitReportReporter -->
<testsuite hostname="PMLDVBALAJID" failures="0" tests="1" name="com.qa.tests.GetAPITest" time="0.526" errors="0" timestamp="20 Mar 2024 04:40:44 GMT">
  <testcase classname="com.qa.tests.GetAPITest" name="getAPITest" time="0.526"/>
</testsuite> <!-- com.qa.tests.GetAPITest -->
